
bomb-ha109:     file format elf64-x86-64

SYMBOL TABLE:
0000000000000238 l    d  .interp	0000000000000000              .interp
0000000000000254 l    d  .note.ABI-tag	0000000000000000              .note.ABI-tag
0000000000000274 l    d  .note.gnu.build-id	0000000000000000              .note.gnu.build-id
0000000000000298 l    d  .gnu.hash	0000000000000000              .gnu.hash
00000000000002c0 l    d  .dynsym	0000000000000000              .dynsym
00000000000004a0 l    d  .dynstr	0000000000000000              .dynstr
00000000000005c2 l    d  .gnu.version	0000000000000000              .gnu.version
00000000000005f0 l    d  .gnu.version_r	0000000000000000              .gnu.version_r
0000000000000650 l    d  .rela.dyn	0000000000000000              .rela.dyn
00000000000007b8 l    d  .rela.plt	0000000000000000              .rela.plt
00000000000008d8 l    d  .init	0000000000000000              .init
00000000000008f0 l    d  .plt	0000000000000000              .plt
00000000000009c0 l    d  .plt.got	0000000000000000              .plt.got
00000000000009d0 l    d  .text	0000000000000000              .text
00000000000011e4 l    d  .fini	0000000000000000              .fini
00000000000011f0 l    d  .rodata	0000000000000000              .rodata
0000000000001458 l    d  .eh_frame_hdr	0000000000000000              .eh_frame_hdr
0000000000001520 l    d  .eh_frame	0000000000000000              .eh_frame
0000000000201d60 l    d  .init_array	0000000000000000              .init_array
0000000000201d68 l    d  .fini_array	0000000000000000              .fini_array
0000000000201d70 l    d  .dynamic	0000000000000000              .dynamic
0000000000201f60 l    d  .got	0000000000000000              .got
0000000000202000 l    d  .data	0000000000000000              .data
0000000000202080 l    d  .bss	0000000000000000              .bss
0000000000000000 l    d  .comment	0000000000000000              .comment
0000000000000000 l    d  .debug_aranges	0000000000000000              .debug_aranges
0000000000000000 l    d  .debug_info	0000000000000000              .debug_info
0000000000000000 l    d  .debug_abbrev	0000000000000000              .debug_abbrev
0000000000000000 l    d  .debug_line	0000000000000000              .debug_line
0000000000000000 l    d  .debug_str	0000000000000000              .debug_str
0000000000000000 l    d  .debug_loc	0000000000000000              .debug_loc
0000000000000000 l    df *ABS*	0000000000000000              crtstuff.c
0000000000000a00 l     F .text	0000000000000000              deregister_tm_clones
0000000000000a40 l     F .text	0000000000000000              register_tm_clones
0000000000000a90 l     F .text	0000000000000000              __do_global_dtors_aux
0000000000202098 l     O .bss	0000000000000001              completed.7698
0000000000201d68 l     O .fini_array	0000000000000000              __do_global_dtors_aux_fini_array_entry
0000000000000ad0 l     F .text	0000000000000000              frame_dummy
0000000000201d60 l     O .init_array	0000000000000000              __frame_dummy_init_array_entry
0000000000000000 l    df *ABS*	0000000000000000              bomb.c
0000000000000000 l    df *ABS*	0000000000000000              phases.c
0000000000000000 l    df *ABS*	0000000000000000              support.c
0000000000000dbe l     F .text	000000000000005c              sig_handler
0000000000000000 l    df *ABS*	0000000000000000              crtstuff.c
000000000000180c l     O .eh_frame	0000000000000000              __FRAME_END__
0000000000000000 l    df *ABS*	0000000000000000              
0000000000201d68 l       .init_array	0000000000000000              __init_array_end
0000000000201d70 l     O .dynamic	0000000000000000              _DYNAMIC
0000000000201d60 l       .init_array	0000000000000000              __init_array_start
0000000000001458 l       .eh_frame_hdr	0000000000000000              __GNU_EH_FRAME_HDR
0000000000201f60 l     O .got	0000000000000000              _GLOBAL_OFFSET_TABLE_
00000000000011e0 g     F .text	0000000000000002              __libc_csu_fini
0000000000000f1c g     F .text	000000000000004e              skip
0000000000000000       F *UND*	0000000000000000              getenv@@GLIBC_2.2.5
0000000000001148 g     F .text	0000000000000020              phase_defused
0000000000000000  w      *UND*	0000000000000000              _ITM_deregisterTMCloneTable
0000000000202080 g     O .bss	0000000000000008              stdout@@GLIBC_2.2.5
0000000000202000  w      .data	0000000000000000              data_start
00000000002024e0 g     O .bss	0000000000000640              input_strings
0000000000000000       F *UND*	0000000000000000              puts@@GLIBC_2.2.5
0000000000202090 g     O .bss	0000000000000008              stdin@@GLIBC_2.2.5
0000000000202080 g       .data	0000000000000000              _edata
00000000000011e4 g     F .fini	0000000000000000              _fini
0000000000000000       F *UND*	0000000000000000              __stack_chk_fail@@GLIBC_2.4
00000000002020a0 g     O .bss	0000000000000004              num_input_strings
0000000000000edf g     F .text	0000000000000002              initialize_bomb_solve
0000000000000ee1 g     F .text	000000000000003b              blank_line
0000000000000c72 g     F .text	00000000000000b4              phase_3
0000000000000bf8 g     F .text	0000000000000020              phase_1
0000000000000e1a g     F .text	0000000000000027              invalid_phase
0000000000202050 g     O .data	0000000000000010              node3
0000000000000000       F *UND*	0000000000000000              __libc_start_main@@GLIBC_2.2.5
0000000000000000       F *UND*	0000000000000000              fgets@@GLIBC_2.2.5
0000000000000f6a g     F .text	0000000000000026              explode_bomb
0000000000202030 g     O .data	0000000000000010              node1
0000000000202000 g       .data	0000000000000000              __data_start
0000000000000000       F *UND*	0000000000000000              signal@@GLIBC_2.2.5
0000000000202070 g     O .data	0000000000000010              node5
0000000000000000  w      *UND*	0000000000000000              __gmon_start__
0000000000202008 g     O .data	0000000000000000              .hidden __dso_handle
00000000000011f0 g     O .rodata	0000000000000004              _IO_stdin_used
00000000002020c0 g     O .bss	0000000000000400              host_table
0000000000000e41 g     F .text	000000000000001d              string_length
0000000000001170 g     F .text	0000000000000065              __libc_csu_init
0000000000000000       F *UND*	0000000000000000              fflush@@GLIBC_2.2.5
0000000000000000       F *UND*	0000000000000000              __isoc99_sscanf@@GLIBC_2.7
0000000000202b70 g       .bss	0000000000000000              _end
00000000000009d0 g     F .text	000000000000002b              _start
00000000002024c0 g     O .bss	0000000000000008              infile
0000000000202080 g       .bss	0000000000000000              __bss_start
0000000000000ada g     F .text	000000000000011e              main
0000000000000000       F *UND*	0000000000000000              __printf_chk@@GLIBC_2.3.4
0000000000001004 g     F .text	0000000000000144              read_line
0000000000000e5e g     F .text	0000000000000067              strings_not_equal
0000000000000d26 g     F .text	0000000000000098              phase_4
0000000000000000       F *UND*	0000000000000000              fopen@@GLIBC_2.2.5
0000000000202b20 g     O .bss	0000000000000050              scratch
0000000000000c18 g     F .text	000000000000005a              phase_2
0000000000000000       F *UND*	0000000000000000              exit@@GLIBC_2.2.5
0000000000202020 g     O .data	0000000000000004              bomb_id
0000000000202080 g     O .data	0000000000000000              .hidden __TMC_END__
0000000000000f90 g     F .text	0000000000000033              read_four_numbers
0000000000000000  w      *UND*	0000000000000000              _ITM_registerTMCloneTable
0000000000202040 g     O .data	0000000000000010              node2
0000000000202060 g     O .data	0000000000000010              node4
0000000000000000       F *UND*	0000000000000000              sleep@@GLIBC_2.2.5
0000000000202010 g     O .data	0000000000000010              node6
0000000000000000  w    F *UND*	0000000000000000              __cxa_finalize@@GLIBC_2.2.5
00000000000008d8 g     F .init	0000000000000000              _init
0000000000000fc3 g     F .text	0000000000000041              read_six_numbers
0000000000000ec5 g     F .text	000000000000001a              initialize_bomb
0000000000000000       F *UND*	0000000000000000              __ctype_b_loc@@GLIBC_2.3


